Welcome to the CBC MILP Solver 
Version: 2.9.0 
Build Date: Feb 12 2015 

command line - C:\Users\Leo\AppData\Local\Programs\Python\Python39\lib\site-packages\pulp\apis\..\solverdir\cbc\win\64\cbc.exe C:\Users\Leo\AppData\Local\Temp\cd72829e17c6458987668f5b900b4936-pulp.mps max ratio None allow None threads None presolve on strong None gomory on knapsack on probing on branch printingOptions all solution C:\Users\Leo\AppData\Local\Temp\cd72829e17c6458987668f5b900b4936-pulp.sol (default strategy 1)
command line - C:\Users\Leo\AppData\Local\Programs\Python\Python39\lib\site-packages\pulp\apis\..\solverdir\cbc\win\64\cbc.exe C:\Users\Leo\AppData\Local\Temp\5aab63fa96f942d3b57f15373e70644a-pulp.mps max ratio None allow None threads None presolve on strong None gomory on knapsack on probing on branch printingOptions all solution C:\Users\Leo\AppData\Local\Temp\5aab63fa96f942d3b57f15373e70644a-pulp.sol (default strategy 1)
At line 2 NAME          MODEL
At line 3 ROWS
At line 67 COLUMNS
At line 236 RHS
At line 299 BOUNDS
At line 340 ENDATA
Problem MODEL has 62 rows, 40 columns and 68 elements
At line 55 COLUMNS
At line 300 RHS
At line 351 BOUNDS
At line 396 ENDATA
Problem MODEL has 50 rows, 44 columns and 100 elements
Coin0008I MODEL read with 0 errors
String of None is illegal for double parameter ratioGap value remains 0
String of None is illegal for double parameter allowableGap value remains 0
String of None is illegal for integer parameter threads value remains 0
String of None is illegal for integer parameter strongBranching value remains 5
Option for gomoryCuts changed from ifmove to on
Option for knapsackCuts changed from ifmove to on
Continuous objective value is -40 - 0.00 seconds
Cgl0004I processed model has 5 rows, 20 columns (20 integer (20 of which binary)) and 36 elements
Cutoff increment increased from 1e-005 to 19.9999
Cbc0038I Initial state - 0 integers unsatisfied sum - 0
Cbc0038I Solution found of 40
Cbc0038I Before mini branch and bound, 20 integers at bound fixed and 0 continuous
Cbc0038I Mini branch and bound did not improve solution (0.00 seconds)
Cbc0038I After 0.00 seconds - Feasibility pump exiting with objective of 40 - took 0.00 seconds
Cbc0012I Integer solution of 40 found by feasibility pump after 0 iterations and 0 nodes (0.00 seconds)
Cbc0001I Search completed - best objective 40, took 0 iterations and 0 nodes (0.00 seconds)
Cbc0035I Maximum depth 0, 0 variables fixed on reduced cost
Cuts at root node changed objective from 40 to 40
Probing was tried 0 times and created 0 cuts of which 0 were active after adding rounds of cuts (0.000 seconds)
Gomory was tried 0 times and created 0 cuts of which 0 were active after adding rounds of cuts (0.000 seconds)
Knapsack was tried 0 times and created 0 cuts of which 0 were active after adding rounds of cuts (0.000 seconds)
Clique was tried 0 times and created 0 cuts of which 0 were active after adding rounds of cuts (0.000 seconds)
MixedIntegerRounding2 was tried 0 times and created 0 cuts of which 0 were active after adding rounds of cuts (0.000 seconds)
FlowCover was tried 0 times and created 0 cuts of which 0 were active after adding rounds of cuts (0.000 seconds)
TwoMirCuts was tried 0 times and created 0 cuts of which 0 were active after adding rounds of cuts (0.000 seconds)

Result - Optimal solution found

Objective value:                0.00000000
Objective value:                -40.00000000
Enumerated nodes:               0
Total iterations:               0
Time (CPU seconds):             0.00
Time (Wallclock seconds):       0.00

Option for printingOptions changed from normal to all
Total time (CPU seconds):       0.00   (Wallclock seconds):       0.00
Total time (CPU seconds):       0.01   (Wallclock seconds):       0.01

